2025-10-08 12:15:55,970 | INFO     | analizzatore | logger:75 | Logger configurato. File: C:\Users\francesco.vallisa\OneDrive - Angel Company\Desktop\s.w\AnalizzatoreCSV\analizzatore_csv_v3\logs\analizzatore_20251008.log
2025-10-08 12:16:15,993 | INFO     | analizzatore.analyzer | analyzer:27 | Detecting BOM for file: tmp_upload.csv
2025-10-08 12:16:16,293 | INFO     | analizzatore.analyzer | analyzer:113 | Detected encoding=utf-16, delimiter=',', header=1
2025-10-08 12:16:16,294 | INFO     | analizzatore.analyzer | analyzer:100 | Extracted 86 columns from header row 1.
2025-10-08 12:16:34,107 | INFO     | analizzatore.loader | loader:41 | CSV caricato: tmp_upload.csv (righe=148941, colonne=86)
2025-10-08 12:17:36,579 | INFO     | analizzatore.analyzer | analyzer:27 | Detecting BOM for file: tmp_upload.csv
2025-10-08 12:17:36,777 | INFO     | analizzatore.analyzer | analyzer:113 | Detected encoding=utf-16, delimiter=',', header=1
2025-10-08 12:17:36,778 | INFO     | analizzatore.analyzer | analyzer:100 | Extracted 86 columns from header row 1.
2025-10-08 12:17:53,240 | INFO     | analizzatore.loader | loader:41 | CSV caricato: tmp_upload.csv (righe=148941, colonne=86)
2025-10-08 12:18:51,198 | INFO     | analizzatore.analyzer | analyzer:27 | Detecting BOM for file: tmp_upload.csv
2025-10-08 12:18:51,688 | INFO     | analizzatore.analyzer | analyzer:113 | Detected encoding=utf-16, delimiter=',', header=1
2025-10-08 12:18:51,695 | INFO     | analizzatore.analyzer | analyzer:100 | Extracted 86 columns from header row 1.
2025-10-08 12:19:08,459 | INFO     | analizzatore.loader | loader:41 | CSV caricato: tmp_upload.csv (righe=148941, colonne=86)
2025-10-08 12:19:23,283 | INFO     | analizzatore.analyzer | analyzer:27 | Detecting BOM for file: tmp_upload.csv
2025-10-08 12:19:23,495 | INFO     | analizzatore.analyzer | analyzer:113 | Detected encoding=utf-16, delimiter=',', header=1
2025-10-08 12:19:23,496 | INFO     | analizzatore.analyzer | analyzer:100 | Extracted 86 columns from header row 1.
2025-10-08 12:19:36,125 | INFO     | analizzatore.loader | loader:41 | CSV caricato: tmp_upload.csv (righe=148941, colonne=86)
2025-10-08 12:19:52,757 | INFO     | analizzatore.analyzer | analyzer:27 | Detecting BOM for file: tmp_upload.csv
2025-10-08 12:19:53,077 | INFO     | analizzatore.analyzer | analyzer:113 | Detected encoding=utf-16, delimiter=',', header=1
2025-10-08 12:19:53,082 | INFO     | analizzatore.analyzer | analyzer:100 | Extracted 86 columns from header row 1.
2025-10-08 12:20:06,229 | INFO     | analizzatore.loader | loader:41 | CSV caricato: tmp_upload.csv (righe=148941, colonne=86)
2025-10-08 12:20:57,262 | INFO     | analizzatore.analyzer | analyzer:27 | Detecting BOM for file: tmp_upload.csv
2025-10-08 12:20:57,494 | INFO     | analizzatore.analyzer | analyzer:113 | Detected encoding=utf-16, delimiter=',', header=1
2025-10-08 12:20:57,494 | INFO     | analizzatore.analyzer | analyzer:100 | Extracted 86 columns from header row 1.
2025-10-08 12:21:10,782 | INFO     | analizzatore.loader | loader:41 | CSV caricato: tmp_upload.csv (righe=148941, colonne=86)
2025-10-08 12:22:23,639 | INFO     | analizzatore | logger:75 | Logger configurato. File: C:\Users\francesco.vallisa\OneDrive - Angel Company\Desktop\s.w\AnalizzatoreCSV\analizzatore_csv_v3\logs\analizzatore_20251008.log
2025-10-08 12:22:27,962 | ERROR    | analizzatore.main | main:21 | Errore critico in main: cannot import name 'CSVAnalyzerApp' from 'ui.main_app' (C:\Users\francesco.vallisa\OneDrive - Angel Company\Desktop\s.w\AnalizzatoreCSV\analizzatore_csv_v3\ui\main_app.py)
Traceback (most recent call last):
  File "C:\Users\francesco.vallisa\OneDrive - Angel Company\Desktop\s.w\AnalizzatoreCSV\analizzatore_csv_v3\main.py", line 10, in main
    from ui.main_app import CSVAnalyzerApp
ImportError: cannot import name 'CSVAnalyzerApp' from 'ui.main_app' (C:\Users\francesco.vallisa\OneDrive - Angel Company\Desktop\s.w\AnalizzatoreCSV\analizzatore_csv_v3\ui\main_app.py)
2025-10-08 12:22:47,102 | INFO     | analizzatore | logger:75 | Logger configurato. File: C:\Users\francesco.vallisa\OneDrive - Angel Company\Desktop\s.w\AnalizzatoreCSV\analizzatore_csv_v3\logs\analizzatore_20251008.log
2025-10-08 12:22:50,251 | ERROR    | analizzatore.main | main:21 | Errore critico in main: cannot import name 'CSVAnalyzerApp' from 'ui.main_app' (c:\Users\francesco.vallisa\OneDrive - Angel Company\Desktop\s.w\AnalizzatoreCSV\analizzatore_csv_v3\ui\main_app.py)
Traceback (most recent call last):
  File "c:\Users\francesco.vallisa\OneDrive - Angel Company\Desktop\s.w\AnalizzatoreCSV\analizzatore_csv_v3\main.py", line 10, in main
    from ui.main_app import CSVAnalyzerApp
ImportError: cannot import name 'CSVAnalyzerApp' from 'ui.main_app' (c:\Users\francesco.vallisa\OneDrive - Angel Company\Desktop\s.w\AnalizzatoreCSV\analizzatore_csv_v3\ui\main_app.py)
2025-10-08 12:28:42,003 | INFO     | analizzatore | logger:75 | Logger configurato. File: C:\Users\francesco.vallisa\OneDrive - Angel Company\Desktop\s.w\AnalizzatoreCSV\analizzatore_csv_v3\logs\analizzatore_20251008.log
2025-10-08 12:29:00,892 | ERROR    | analizzatore.main | main:21 | Errore critico in main: cannot import name 'CSVAnalyzerApp' from 'ui.main_app' (c:\Users\francesco.vallisa\OneDrive - Angel Company\Desktop\s.w\AnalizzatoreCSV\analizzatore_csv_v3\ui\main_app.py)
Traceback (most recent call last):
  File "c:\Users\francesco.vallisa\OneDrive - Angel Company\Desktop\s.w\AnalizzatoreCSV\analizzatore_csv_v3\main.py", line 10, in main
    from ui.main_app import CSVAnalyzerApp
ImportError: cannot import name 'CSVAnalyzerApp' from 'ui.main_app' (c:\Users\francesco.vallisa\OneDrive - Angel Company\Desktop\s.w\AnalizzatoreCSV\analizzatore_csv_v3\ui\main_app.py)
2025-10-08 12:33:06,649 | INFO     | analizzatore | logger:75 | Logger configurato. File: C:\Users\francesco.vallisa\OneDrive - Angel Company\Desktop\s.w\AnalizzatoreCSV\analizzatore_csv_v3\logs\analizzatore_20251008.log
2025-10-08 12:33:12,771 | INFO     | analizzatore.main | main:11 | Avvio applicazione UI...
2025-10-08 12:33:13,213 | INFO     | analizzatore.main | main:14 | Applicazione terminata.
2025-10-08 12:34:25,965 | INFO     | analizzatore | logger:75 | Logger configurato. File: C:\Users\francesco.vallisa\OneDrive - Angel Company\Desktop\s.w\AnalizzatoreCSV\analizzatore_csv_v3\logs\analizzatore_20251008.log
2025-10-08 12:34:43,064 | INFO     | analizzatore | logger:75 | Logger configurato. File: C:\Users\francesco.vallisa\OneDrive - Angel Company\Desktop\s.w\AnalizzatoreCSV\analizzatore_csv_v3\logs\analizzatore_20251008.log
2025-10-08 12:37:08,300 | INFO     | analizzatore | logger:75 | Logger configurato. File: C:\Users\francesco.vallisa\OneDrive - Angel Company\Desktop\s.w\AnalizzatoreCSV\analizzatore_csv_v3\logs\analizzatore_20251008.log
2025-10-08 12:38:53,955 | INFO     | analizzatore | logger:75 | Logger configurato. File: C:\Users\francesco.vallisa\OneDrive - Angel Company\Desktop\s.w\AnalizzatoreCSV\analizzatore_csv_v3\logs\analizzatore_20251008.log
2025-10-08 12:39:14,402 | INFO     | analizzatore | logger:75 | Logger configurato. File: C:\Users\francesco.vallisa\OneDrive - Angel Company\Desktop\s.w\AnalizzatoreCSV\analizzatore_csv_v3\logs\analizzatore_20251008.log
2025-10-08 12:40:36,742 | INFO     | analizzatore.analyzer | analyzer:27 | Detecting BOM for file: C:\Users\francesco.vallisa\OneDrive - Angel Company\Desktop\commesse\P_891\Test ks - Norvegia\dati passati 07_10\OneDrive_2025-10-07 (1)\dati x Ambrogio\20250930_104448\20250930_104448_ipnou.csv
2025-10-08 12:40:36,981 | INFO     | analizzatore.analyzer | analyzer:113 | Detected encoding=utf-16, delimiter=';', header=0
2025-10-08 12:40:36,984 | INFO     | analizzatore.analyzer | analyzer:100 | Extracted 52 columns from header row 0.
2025-10-08 12:40:51,256 | INFO     | analizzatore.loader | loader:41 | CSV caricato: 20250930_104448_ipnou.csv (righe=206836, colonne=52)
2025-10-08 12:51:27,175 | INFO     | analizzatore | logger:75 | Logger configurato. File: C:\Users\francesco.vallisa\OneDrive - Angel Company\Desktop\s.w\AnalizzatoreCSV\analizzatore_csv_v3\logs\analizzatore_20251008.log
2025-10-08 12:52:01,421 | INFO     | analizzatore.analyzer | analyzer:27 | Detecting BOM for file: C:\Users\francesco.vallisa\OneDrive - Angel Company\Desktop\commesse\P_891\Test ks - Norvegia\dati passati 07_10\OneDrive_2025-10-07 (1)\dati x Ambrogio\20250930_104448\20250930_104448_ipnou.csv
2025-10-08 12:52:01,436 | INFO     | analizzatore.analyzer | analyzer:113 | Detected encoding=utf-16, delimiter=';', header=0
2025-10-08 12:52:01,438 | INFO     | analizzatore.analyzer | analyzer:100 | Extracted 52 columns from header row 0.
2025-10-08 12:52:17,821 | INFO     | analizzatore.loader | loader:41 | CSV caricato: 20250930_104448_ipnou.csv (righe=206836, colonne=52)
2025-10-08 12:54:55,228 | INFO     | analizzatore | logger:75 | Logger configurato. File: C:\Users\francesco.vallisa\OneDrive - Angel Company\Desktop\s.w\AnalizzatoreCSV\analizzatore_csv_v3\logs\analizzatore_20251008.log
2025-10-08 12:55:15,657 | INFO     | analizzatore.analyzer | analyzer:27 | Detecting BOM for file: tmp_upload.csv
2025-10-08 12:55:15,965 | INFO     | analizzatore.analyzer | analyzer:113 | Detected encoding=utf-16, delimiter=';', header=0
2025-10-08 12:55:15,967 | INFO     | analizzatore.analyzer | analyzer:100 | Extracted 52 columns from header row 0.
2025-10-08 12:55:59,102 | INFO     | analizzatore.loader | loader:41 | CSV caricato: tmp_upload.csv (righe=200257, colonne=52)
2025-10-08 12:56:12,264 | INFO     | analizzatore.analyzer | analyzer:27 | Detecting BOM for file: tmp_upload.csv
2025-10-08 12:56:12,780 | INFO     | analizzatore.analyzer | analyzer:113 | Detected encoding=utf-16, delimiter=';', header=0
2025-10-08 12:56:12,818 | INFO     | analizzatore.analyzer | analyzer:100 | Extracted 52 columns from header row 0.
2025-10-08 12:56:34,243 | INFO     | analizzatore.loader | loader:41 | CSV caricato: tmp_upload.csv (righe=200257, colonne=52)
2025-10-08 12:57:09,802 | INFO     | analizzatore.analyzer | analyzer:27 | Detecting BOM for file: tmp_upload.csv
2025-10-08 12:57:10,112 | INFO     | analizzatore.analyzer | analyzer:113 | Detected encoding=utf-16, delimiter=';', header=0
2025-10-08 12:57:10,114 | INFO     | analizzatore.analyzer | analyzer:100 | Extracted 52 columns from header row 0.
2025-10-08 12:57:26,367 | INFO     | analizzatore.loader | loader:41 | CSV caricato: tmp_upload.csv (righe=200257, colonne=52)
2025-10-08 13:05:42,098 | INFO     | analizzatore | logger:75 | Logger configurato. File: C:\Users\francesco.vallisa\OneDrive - Angel Company\Desktop\s.w\AnalizzatoreCSV\analizzatore_csv_v3\logs\analizzatore_20251008.log
2025-10-08 13:06:23,651 | INFO     | analizzatore.analyzer | analyzer:27 | Detecting BOM for file: C:\Users\francesco.vallisa\OneDrive - Angel Company\Desktop\commesse\P_891\Test ks - Norvegia\dati passati 07_10\OneDrive_2025-10-07 (1)\dati x Ambrogio\20250930_104448\20250930_104448_ipnou.csv
2025-10-08 13:06:23,733 | INFO     | analizzatore.analyzer | analyzer:113 | Detected encoding=utf-16, delimiter=';', header=0
2025-10-08 13:06:23,736 | INFO     | analizzatore.analyzer | analyzer:100 | Extracted 52 columns from header row 0.
2025-10-08 13:06:42,030 | INFO     | analizzatore.loader | loader:41 | CSV caricato: 20250930_104448_ipnou.csv (righe=206836, colonne=52)
2025-10-08 13:17:50,407 | INFO     | analizzatore | logger:75 | Logger configurato. File: C:\Users\francesco.vallisa\OneDrive - Angel Company\Desktop\s.w\AnalizzatoreCSV\analizzatore_csv_v3\logs\analizzatore_20251008.log
2025-10-08 13:18:11,506 | INFO     | analizzatore.analyzer | analyzer:27 | Detecting BOM for file: tmp_upload.csv
2025-10-08 13:18:11,572 | INFO     | analizzatore.analyzer | analyzer:113 | Detected encoding=utf-8, delimiter=';', header=0
2025-10-08 13:18:11,573 | INFO     | analizzatore.analyzer | analyzer:100 | Extracted 52 columns from header row 0.
2025-10-08 13:18:56,034 | INFO     | analizzatore.loader | loader:41 | CSV caricato: tmp_upload.csv (righe=200257, colonne=52)
2025-10-08 13:19:17,567 | INFO     | analizzatore.analyzer | analyzer:27 | Detecting BOM for file: tmp_upload.csv
2025-10-08 13:19:17,609 | INFO     | analizzatore.analyzer | analyzer:113 | Detected encoding=utf-8, delimiter=';', header=0
2025-10-08 13:19:17,610 | INFO     | analizzatore.analyzer | analyzer:100 | Extracted 52 columns from header row 0.
2025-10-08 13:19:36,813 | INFO     | analizzatore.loader | loader:41 | CSV caricato: tmp_upload.csv (righe=200257, colonne=52)
2025-10-08 13:20:12,834 | INFO     | analizzatore.analyzer | analyzer:27 | Detecting BOM for file: tmp_upload.csv
2025-10-08 13:20:13,001 | INFO     | analizzatore.analyzer | analyzer:113 | Detected encoding=utf-8, delimiter=';', header=0
2025-10-08 13:20:13,002 | INFO     | analizzatore.analyzer | analyzer:100 | Extracted 52 columns from header row 0.
2025-10-08 13:20:29,472 | INFO     | analizzatore.loader | loader:41 | CSV caricato: tmp_upload.csv (righe=200257, colonne=52)
2025-10-08 13:22:07,391 | INFO     | analizzatore.analyzer | analyzer:27 | Detecting BOM for file: tmp_upload.csv
2025-10-08 13:22:07,425 | INFO     | analizzatore.analyzer | analyzer:113 | Detected encoding=utf-8, delimiter=';', header=0
2025-10-08 13:22:07,426 | INFO     | analizzatore.analyzer | analyzer:100 | Extracted 52 columns from header row 0.
2025-10-08 13:22:27,703 | INFO     | analizzatore.loader | loader:41 | CSV caricato: tmp_upload.csv (righe=200257, colonne=52)
2025-10-08 13:23:01,185 | INFO     | analizzatore.analyzer | analyzer:27 | Detecting BOM for file: tmp_upload.csv
2025-10-08 13:23:01,248 | INFO     | analizzatore.analyzer | analyzer:113 | Detected encoding=utf-8, delimiter=';', header=0
2025-10-08 13:23:01,258 | INFO     | analizzatore.analyzer | analyzer:100 | Extracted 52 columns from header row 0.
2025-10-08 13:23:19,639 | INFO     | analizzatore.loader | loader:41 | CSV caricato: tmp_upload.csv (righe=200257, colonne=52)
2025-10-08 14:30:12,311 | INFO     | analizzatore | logger:75 | Logger configurato. File: C:\Users\francesco.vallisa\OneDrive - Angel Company\Desktop\s.w\AnalizzatoreCSV\analizzatore_csv_v3\logs\analizzatore_20251008.log
2025-10-08 14:30:48,600 | INFO     | analizzatore | logger:75 | Logger configurato. File: C:\Users\francesco.vallisa\OneDrive - Angel Company\Desktop\s.w\AnalizzatoreCSV\analizzatore_csv_v3\logs\analizzatore_20251008.log
2025-10-08 14:36:44,062 | INFO     | analizzatore | logger:75 | Logger configurato. File: C:\Users\francesco.vallisa\OneDrive - Angel Company\Desktop\s.w\AnalizzatoreCSV\analizzatore_csv_v3\logs\analizzatore_20251008.log
2025-10-08 14:37:06,623 | INFO     | analizzatore.analyzer | analyzer:27 | Detecting BOM for file: C:/Users/francesco.vallisa/OneDrive - Angel Company/Desktop/commesse/P_891/Test ks - Norvegia/dati passati 07_10/OneDrive_2025-10-07/Reversed Roger/20250930_104448.ipout.csv
2025-10-08 14:37:06,678 | INFO     | analizzatore.analyzer | analyzer:113 | Detected encoding=utf-8, delimiter=';', header=0
2025-10-08 14:37:06,682 | INFO     | analizzatore.analyzer | analyzer:100 | Extracted 52 columns from header row 0.
2025-10-08 14:37:15,142 | INFO     | analizzatore.loader | loader:41 | CSV caricato: 20250930_104448.ipout.csv (righe=206836, colonne=52)
2025-10-08 14:48:23,903 | INFO     | analizzatore | logger:75 | Logger configurato. File: C:\Users\francesco.vallisa\OneDrive - Angel Company\Desktop\s.w\AnalizzatoreCSV\analizzatore_csv_v3\logs\analizzatore_20251008.log
